Arguments: 
  C:\Program Files\nodejs\node.exe C:\Users\Innovation Hub\AppData\Roaming\npm\node_modules\yarn\bin\yarn.js add firebaseui

PATH: 
  C:\Users\Innovation Hub\bin;C:\Program Files\Git\mingw64\bin;C:\Program Files\Git\usr\local\bin;C:\Program Files\Git\usr\bin;C:\Program Files\Git\usr\bin;C:\Program Files\Git\mingw64\bin;C:\Program Files\Git\usr\bin;C:\Users\Innovation Hub\bin;C:\Program Files (x86)\Common Files\Oracle\Java\javapath;C:\WINDOWS\system32;C:\WINDOWS;C:\WINDOWS\System32\Wbem;C:\WINDOWS\System32\WindowsPowerShell\v1.0;C:\Program Files\nodejs;C:\Program Files\Git\cmd;C:\WINDOWS\System32\OpenSSH;C:\Anaconda3;C:\Anaconda3\Library\mingw-w64\bin;C:\Anaconda3\Library\usr\bin;C:\Anaconda3\Library\bin;C:\Anaconda3\Scripts;C:\Users\Innovation Hub\AppData\Roaming\npm;C:\Users\Innovation Hub\AppData\Local\Programs\Microsoft VS Code\bin;C:\Users\Innovation Hub\AppData\Local\Microsoft\WindowsApps;C:\Program Files\heroku\bin;C:\Program Files\Git\usr\bin\vendor_perl;C:\Program Files\Git\usr\bin\core_perl

Yarn version: 
  1.22.0

Node version: 
  12.16.1

Platform: 
  win32 x64

Trace: 
  Error: connect EHOSTUNREACH 104.16.23.35:443
      at TCPConnectWrap.afterConnect [as oncomplete] (net.js:1137:16)

npm manifest: 
  {
    "name": "serve",
    "version": "1.0.0",
    "description": "",
    "main": "index.js",
    "scripts": {
      "start-dev": "nodemon index.js",
      "dev": "next -p 3001",
      "build": "next build",
      "start": "nodemon index.js",
      "start-dev-ssr": "nodemon parser.es6",
      "build:css": "postcss static/tailwind.css -o static/style.css"
    },
    "keywords": [],
    "author": "",
    "license": "ISC",
    "dependencies": {
      "@webdeb/next-styles": "^1.0.8",
      "@zeit/next-sass": "^1.0.1",
      "babel-plugin-transform-assets": "^1.0.2",
      "bcrypt": "^4.0.1",
      "body-parser": "^1.19.0",
      "bulma": "^0.8.2",
      "connect-ensure-login": "^0.1.1",
      "connect-mongo": "^3.2.0",
      "contentful": "^7.14.2",
      "cookie-parser": "^1.4.5",
      "cors": "^2.8.5",
      "dotenv": "^8.2.0",
      "express": "^4.17.1",
      "express-session": "^1.17.0",
      "express-static": "^1.2.6",
      "filepond": "^4.13.1",
      "firebase": "^7.14.1",
      "firebase-admin": "^8.10.0",
      "ignore-styles": "^5.0.1",
      "jsonwebtoken": "^8.5.1",
      "lodash": "^4.17.15",
      "moment": "^2.24.0",
      "mongoose": "^5.9.7",
      "multer": "^1.4.2",
      "next": "^9.3.5",
      "next-images": "^1.4.0",
      "node-sass": "^4.13.1",
      "nprogress": "^0.2.0",
      "passport": "^0.4.1",
      "passport-local": "^1.0.0",
      "passport-local-mongoose": "^6.0.1",
      "passport-mongoose": "^0.0.1",
      "path-match": "^1.2.4",
      "prerender-node": "^3.2.5",
      "pusher": "^3.0.1",
      "react": "^16.13.1",
      "react-dom": "^16.13.1",
      "react-helmet": "^6.0.0",
      "tailwindcss": "^1.3.4",
      "webpack": "^4.43.0"
    }
  }

yarn manifest: 
  No manifest

Lockfile: 
  No lockfile
